CRITICAL - 2022-04-09 00:23:53 --> Undefined variable $usuarios
#0 C:\xampp\htdocs\evaluacion_no_2\app\Views\usuario\usuario.php(29): CodeIgniter\Debug\Exceptions->errorHandler(2, 'Undefined varia...', 'C:\\xampp\\htdocs...', 29)
#1 C:\xampp\htdocs\evaluacion_no_2\system\View\View.php(210): include('C:\\xampp\\htdocs...')
#2 C:\xampp\htdocs\evaluacion_no_2\system\View\View.php(213): CodeIgniter\View\View->CodeIgniter\View\{closure}()
#3 C:\xampp\htdocs\evaluacion_no_2\system\Common.php(1089): CodeIgniter\View\View->render('usuario/usuario', Array, true)
#4 C:\xampp\htdocs\evaluacion_no_2\app\Controllers\Usuarios.php(100): view('usuario/usuario', Array)
#5 C:\xampp\htdocs\evaluacion_no_2\system\CodeIgniter.php(832): App\Controllers\Usuarios->login()
#6 C:\xampp\htdocs\evaluacion_no_2\system\CodeIgniter.php(419): CodeIgniter\CodeIgniter->runController(Object(App\Controllers\Usuarios))
#7 C:\xampp\htdocs\evaluacion_no_2\system\CodeIgniter.php(326): CodeIgniter\CodeIgniter->handleRequest(NULL, Object(Config\Cache), false)
#8 C:\xampp\htdocs\evaluacion_no_2\public\index.php(37): CodeIgniter\CodeIgniter->run()
#9 {main}
CRITICAL - 2022-04-09 00:24:39 --> Undefined variable $usuarios
#0 C:\xampp\htdocs\evaluacion_no_2\app\Views\usuario\usuario.php(29): CodeIgniter\Debug\Exceptions->errorHandler(2, 'Undefined varia...', 'C:\\xampp\\htdocs...', 29)
#1 C:\xampp\htdocs\evaluacion_no_2\system\View\View.php(210): include('C:\\xampp\\htdocs...')
#2 C:\xampp\htdocs\evaluacion_no_2\system\View\View.php(213): CodeIgniter\View\View->CodeIgniter\View\{closure}()
#3 C:\xampp\htdocs\evaluacion_no_2\system\Common.php(1089): CodeIgniter\View\View->render('usuario/usuario', Array, true)
#4 C:\xampp\htdocs\evaluacion_no_2\app\Controllers\Usuarios.php(100): view('usuario/usuario', Array)
#5 C:\xampp\htdocs\evaluacion_no_2\system\CodeIgniter.php(832): App\Controllers\Usuarios->login()
#6 C:\xampp\htdocs\evaluacion_no_2\system\CodeIgniter.php(419): CodeIgniter\CodeIgniter->runController(Object(App\Controllers\Usuarios))
#7 C:\xampp\htdocs\evaluacion_no_2\system\CodeIgniter.php(326): CodeIgniter\CodeIgniter->handleRequest(NULL, Object(Config\Cache), false)
#8 C:\xampp\htdocs\evaluacion_no_2\public\index.php(37): CodeIgniter\CodeIgniter->run()
#9 {main}
CRITICAL - 2022-04-09 00:24:40 --> Undefined variable $usuarios
#0 C:\xampp\htdocs\evaluacion_no_2\app\Views\usuario\usuario.php(29): CodeIgniter\Debug\Exceptions->errorHandler(2, 'Undefined varia...', 'C:\\xampp\\htdocs...', 29)
#1 C:\xampp\htdocs\evaluacion_no_2\system\View\View.php(210): include('C:\\xampp\\htdocs...')
#2 C:\xampp\htdocs\evaluacion_no_2\system\View\View.php(213): CodeIgniter\View\View->CodeIgniter\View\{closure}()
#3 C:\xampp\htdocs\evaluacion_no_2\system\Common.php(1089): CodeIgniter\View\View->render('usuario/usuario', Array, true)
#4 C:\xampp\htdocs\evaluacion_no_2\app\Controllers\Usuarios.php(100): view('usuario/usuario', Array)
#5 C:\xampp\htdocs\evaluacion_no_2\system\CodeIgniter.php(832): App\Controllers\Usuarios->login()
#6 C:\xampp\htdocs\evaluacion_no_2\system\CodeIgniter.php(419): CodeIgniter\CodeIgniter->runController(Object(App\Controllers\Usuarios))
#7 C:\xampp\htdocs\evaluacion_no_2\system\CodeIgniter.php(326): CodeIgniter\CodeIgniter->handleRequest(NULL, Object(Config\Cache), false)
#8 C:\xampp\htdocs\evaluacion_no_2\public\index.php(37): CodeIgniter\CodeIgniter->run()
#9 {main}
CRITICAL - 2022-04-09 00:24:40 --> Undefined variable $usuarios
#0 C:\xampp\htdocs\evaluacion_no_2\app\Views\usuario\usuario.php(29): CodeIgniter\Debug\Exceptions->errorHandler(2, 'Undefined varia...', 'C:\\xampp\\htdocs...', 29)
#1 C:\xampp\htdocs\evaluacion_no_2\system\View\View.php(210): include('C:\\xampp\\htdocs...')
#2 C:\xampp\htdocs\evaluacion_no_2\system\View\View.php(213): CodeIgniter\View\View->CodeIgniter\View\{closure}()
#3 C:\xampp\htdocs\evaluacion_no_2\system\Common.php(1089): CodeIgniter\View\View->render('usuario/usuario', Array, true)
#4 C:\xampp\htdocs\evaluacion_no_2\app\Controllers\Usuarios.php(100): view('usuario/usuario', Array)
#5 C:\xampp\htdocs\evaluacion_no_2\system\CodeIgniter.php(832): App\Controllers\Usuarios->login()
#6 C:\xampp\htdocs\evaluacion_no_2\system\CodeIgniter.php(419): CodeIgniter\CodeIgniter->runController(Object(App\Controllers\Usuarios))
#7 C:\xampp\htdocs\evaluacion_no_2\system\CodeIgniter.php(326): CodeIgniter\CodeIgniter->handleRequest(NULL, Object(Config\Cache), false)
#8 C:\xampp\htdocs\evaluacion_no_2\public\index.php(37): CodeIgniter\CodeIgniter->run()
#9 {main}
CRITICAL - 2022-04-09 00:24:48 --> Undefined variable $usuarios
#0 C:\xampp\htdocs\evaluacion_no_2\app\Views\usuario\usuario.php(29): CodeIgniter\Debug\Exceptions->errorHandler(2, 'Undefined varia...', 'C:\\xampp\\htdocs...', 29)
#1 C:\xampp\htdocs\evaluacion_no_2\system\View\View.php(210): include('C:\\xampp\\htdocs...')
#2 C:\xampp\htdocs\evaluacion_no_2\system\View\View.php(213): CodeIgniter\View\View->CodeIgniter\View\{closure}()
#3 C:\xampp\htdocs\evaluacion_no_2\system\Common.php(1089): CodeIgniter\View\View->render('usuario/usuario', Array, true)
#4 C:\xampp\htdocs\evaluacion_no_2\app\Controllers\Usuarios.php(100): view('usuario/usuario', Array)
#5 C:\xampp\htdocs\evaluacion_no_2\system\CodeIgniter.php(832): App\Controllers\Usuarios->login()
#6 C:\xampp\htdocs\evaluacion_no_2\system\CodeIgniter.php(419): CodeIgniter\CodeIgniter->runController(Object(App\Controllers\Usuarios))
#7 C:\xampp\htdocs\evaluacion_no_2\system\CodeIgniter.php(326): CodeIgniter\CodeIgniter->handleRequest(NULL, Object(Config\Cache), false)
#8 C:\xampp\htdocs\evaluacion_no_2\public\index.php(37): CodeIgniter\CodeIgniter->run()
#9 {main}
CRITICAL - 2022-04-09 00:26:44 --> Undefined array key "codigo_usuario"
#0 C:\xampp\htdocs\evaluacion_no_2\app\Views\usuario\usuario.php(32): CodeIgniter\Debug\Exceptions->errorHandler(2, 'Undefined array...', 'C:\\xampp\\htdocs...', 32)
#1 C:\xampp\htdocs\evaluacion_no_2\system\View\View.php(210): include('C:\\xampp\\htdocs...')
#2 C:\xampp\htdocs\evaluacion_no_2\system\View\View.php(213): CodeIgniter\View\View->CodeIgniter\View\{closure}()
#3 C:\xampp\htdocs\evaluacion_no_2\system\Common.php(1089): CodeIgniter\View\View->render('usuario/usuario', Array, true)
#4 C:\xampp\htdocs\evaluacion_no_2\app\Controllers\Usuarios.php(100): view('usuario/usuario', Array)
#5 C:\xampp\htdocs\evaluacion_no_2\system\CodeIgniter.php(832): App\Controllers\Usuarios->login()
#6 C:\xampp\htdocs\evaluacion_no_2\system\CodeIgniter.php(419): CodeIgniter\CodeIgniter->runController(Object(App\Controllers\Usuarios))
#7 C:\xampp\htdocs\evaluacion_no_2\system\CodeIgniter.php(326): CodeIgniter\CodeIgniter->handleRequest(NULL, Object(Config\Cache), false)
#8 C:\xampp\htdocs\evaluacion_no_2\public\index.php(37): CodeIgniter\CodeIgniter->run()
#9 {main}
CRITICAL - 2022-04-09 00:26:45 --> Undefined array key "codigo_usuario"
#0 C:\xampp\htdocs\evaluacion_no_2\app\Views\usuario\usuario.php(32): CodeIgniter\Debug\Exceptions->errorHandler(2, 'Undefined array...', 'C:\\xampp\\htdocs...', 32)
#1 C:\xampp\htdocs\evaluacion_no_2\system\View\View.php(210): include('C:\\xampp\\htdocs...')
#2 C:\xampp\htdocs\evaluacion_no_2\system\View\View.php(213): CodeIgniter\View\View->CodeIgniter\View\{closure}()
#3 C:\xampp\htdocs\evaluacion_no_2\system\Common.php(1089): CodeIgniter\View\View->render('usuario/usuario', Array, true)
#4 C:\xampp\htdocs\evaluacion_no_2\app\Controllers\Usuarios.php(100): view('usuario/usuario', Array)
#5 C:\xampp\htdocs\evaluacion_no_2\system\CodeIgniter.php(832): App\Controllers\Usuarios->login()
#6 C:\xampp\htdocs\evaluacion_no_2\system\CodeIgniter.php(419): CodeIgniter\CodeIgniter->runController(Object(App\Controllers\Usuarios))
#7 C:\xampp\htdocs\evaluacion_no_2\system\CodeIgniter.php(326): CodeIgniter\CodeIgniter->handleRequest(NULL, Object(Config\Cache), false)
#8 C:\xampp\htdocs\evaluacion_no_2\public\index.php(37): CodeIgniter\CodeIgniter->run()
#9 {main}
CRITICAL - 2022-04-09 00:26:46 --> Undefined array key "codigo_usuario"
#0 C:\xampp\htdocs\evaluacion_no_2\app\Views\usuario\usuario.php(32): CodeIgniter\Debug\Exceptions->errorHandler(2, 'Undefined array...', 'C:\\xampp\\htdocs...', 32)
#1 C:\xampp\htdocs\evaluacion_no_2\system\View\View.php(210): include('C:\\xampp\\htdocs...')
#2 C:\xampp\htdocs\evaluacion_no_2\system\View\View.php(213): CodeIgniter\View\View->CodeIgniter\View\{closure}()
#3 C:\xampp\htdocs\evaluacion_no_2\system\Common.php(1089): CodeIgniter\View\View->render('usuario/usuario', Array, true)
#4 C:\xampp\htdocs\evaluacion_no_2\app\Controllers\Usuarios.php(100): view('usuario/usuario', Array)
#5 C:\xampp\htdocs\evaluacion_no_2\system\CodeIgniter.php(832): App\Controllers\Usuarios->login()
#6 C:\xampp\htdocs\evaluacion_no_2\system\CodeIgniter.php(419): CodeIgniter\CodeIgniter->runController(Object(App\Controllers\Usuarios))
#7 C:\xampp\htdocs\evaluacion_no_2\system\CodeIgniter.php(326): CodeIgniter\CodeIgniter->handleRequest(NULL, Object(Config\Cache), false)
#8 C:\xampp\htdocs\evaluacion_no_2\public\index.php(37): CodeIgniter\CodeIgniter->run()
#9 {main}
CRITICAL - 2022-04-09 00:26:46 --> Undefined array key "codigo_usuario"
#0 C:\xampp\htdocs\evaluacion_no_2\app\Views\usuario\usuario.php(32): CodeIgniter\Debug\Exceptions->errorHandler(2, 'Undefined array...', 'C:\\xampp\\htdocs...', 32)
#1 C:\xampp\htdocs\evaluacion_no_2\system\View\View.php(210): include('C:\\xampp\\htdocs...')
#2 C:\xampp\htdocs\evaluacion_no_2\system\View\View.php(213): CodeIgniter\View\View->CodeIgniter\View\{closure}()
#3 C:\xampp\htdocs\evaluacion_no_2\system\Common.php(1089): CodeIgniter\View\View->render('usuario/usuario', Array, true)
#4 C:\xampp\htdocs\evaluacion_no_2\app\Controllers\Usuarios.php(100): view('usuario/usuario', Array)
#5 C:\xampp\htdocs\evaluacion_no_2\system\CodeIgniter.php(832): App\Controllers\Usuarios->login()
#6 C:\xampp\htdocs\evaluacion_no_2\system\CodeIgniter.php(419): CodeIgniter\CodeIgniter->runController(Object(App\Controllers\Usuarios))
#7 C:\xampp\htdocs\evaluacion_no_2\system\CodeIgniter.php(326): CodeIgniter\CodeIgniter->handleRequest(NULL, Object(Config\Cache), false)
#8 C:\xampp\htdocs\evaluacion_no_2\public\index.php(37): CodeIgniter\CodeIgniter->run()
#9 {main}
CRITICAL - 2022-04-09 00:26:47 --> Undefined array key "codigo_usuario"
#0 C:\xampp\htdocs\evaluacion_no_2\app\Views\usuario\usuario.php(32): CodeIgniter\Debug\Exceptions->errorHandler(2, 'Undefined array...', 'C:\\xampp\\htdocs...', 32)
#1 C:\xampp\htdocs\evaluacion_no_2\system\View\View.php(210): include('C:\\xampp\\htdocs...')
#2 C:\xampp\htdocs\evaluacion_no_2\system\View\View.php(213): CodeIgniter\View\View->CodeIgniter\View\{closure}()
#3 C:\xampp\htdocs\evaluacion_no_2\system\Common.php(1089): CodeIgniter\View\View->render('usuario/usuario', Array, true)
#4 C:\xampp\htdocs\evaluacion_no_2\app\Controllers\Usuarios.php(100): view('usuario/usuario', Array)
#5 C:\xampp\htdocs\evaluacion_no_2\system\CodeIgniter.php(832): App\Controllers\Usuarios->login()
#6 C:\xampp\htdocs\evaluacion_no_2\system\CodeIgniter.php(419): CodeIgniter\CodeIgniter->runController(Object(App\Controllers\Usuarios))
#7 C:\xampp\htdocs\evaluacion_no_2\system\CodeIgniter.php(326): CodeIgniter\CodeIgniter->handleRequest(NULL, Object(Config\Cache), false)
#8 C:\xampp\htdocs\evaluacion_no_2\public\index.php(37): CodeIgniter\CodeIgniter->run()
#9 {main}
CRITICAL - 2022-04-09 00:28:22 --> Undefined variable $usuarios
#0 C:\xampp\htdocs\evaluacion_no_2\app\Views\usuario\usuario.php(29): CodeIgniter\Debug\Exceptions->errorHandler(2, 'Undefined varia...', 'C:\\xampp\\htdocs...', 29)
#1 C:\xampp\htdocs\evaluacion_no_2\system\View\View.php(210): include('C:\\xampp\\htdocs...')
#2 C:\xampp\htdocs\evaluacion_no_2\system\View\View.php(213): CodeIgniter\View\View->CodeIgniter\View\{closure}()
#3 C:\xampp\htdocs\evaluacion_no_2\system\Common.php(1089): CodeIgniter\View\View->render('usuario/usuario', Array, true)
#4 C:\xampp\htdocs\evaluacion_no_2\app\Controllers\Usuarios.php(100): view('usuario/usuario')
#5 C:\xampp\htdocs\evaluacion_no_2\system\CodeIgniter.php(832): App\Controllers\Usuarios->login()
#6 C:\xampp\htdocs\evaluacion_no_2\system\CodeIgniter.php(419): CodeIgniter\CodeIgniter->runController(Object(App\Controllers\Usuarios))
#7 C:\xampp\htdocs\evaluacion_no_2\system\CodeIgniter.php(326): CodeIgniter\CodeIgniter->handleRequest(NULL, Object(Config\Cache), false)
#8 C:\xampp\htdocs\evaluacion_no_2\public\index.php(37): CodeIgniter\CodeIgniter->run()
#9 {main}
CRITICAL - 2022-04-09 00:28:23 --> Undefined variable $usuarios
#0 C:\xampp\htdocs\evaluacion_no_2\app\Views\usuario\usuario.php(29): CodeIgniter\Debug\Exceptions->errorHandler(2, 'Undefined varia...', 'C:\\xampp\\htdocs...', 29)
#1 C:\xampp\htdocs\evaluacion_no_2\system\View\View.php(210): include('C:\\xampp\\htdocs...')
#2 C:\xampp\htdocs\evaluacion_no_2\system\View\View.php(213): CodeIgniter\View\View->CodeIgniter\View\{closure}()
#3 C:\xampp\htdocs\evaluacion_no_2\system\Common.php(1089): CodeIgniter\View\View->render('usuario/usuario', Array, true)
#4 C:\xampp\htdocs\evaluacion_no_2\app\Controllers\Usuarios.php(100): view('usuario/usuario')
#5 C:\xampp\htdocs\evaluacion_no_2\system\CodeIgniter.php(832): App\Controllers\Usuarios->login()
#6 C:\xampp\htdocs\evaluacion_no_2\system\CodeIgniter.php(419): CodeIgniter\CodeIgniter->runController(Object(App\Controllers\Usuarios))
#7 C:\xampp\htdocs\evaluacion_no_2\system\CodeIgniter.php(326): CodeIgniter\CodeIgniter->handleRequest(NULL, Object(Config\Cache), false)
#8 C:\xampp\htdocs\evaluacion_no_2\public\index.php(37): CodeIgniter\CodeIgniter->run()
#9 {main}
CRITICAL - 2022-04-09 00:28:24 --> Undefined variable $usuarios
#0 C:\xampp\htdocs\evaluacion_no_2\app\Views\usuario\usuario.php(29): CodeIgniter\Debug\Exceptions->errorHandler(2, 'Undefined varia...', 'C:\\xampp\\htdocs...', 29)
#1 C:\xampp\htdocs\evaluacion_no_2\system\View\View.php(210): include('C:\\xampp\\htdocs...')
#2 C:\xampp\htdocs\evaluacion_no_2\system\View\View.php(213): CodeIgniter\View\View->CodeIgniter\View\{closure}()
#3 C:\xampp\htdocs\evaluacion_no_2\system\Common.php(1089): CodeIgniter\View\View->render('usuario/usuario', Array, true)
#4 C:\xampp\htdocs\evaluacion_no_2\app\Controllers\Usuarios.php(100): view('usuario/usuario')
#5 C:\xampp\htdocs\evaluacion_no_2\system\CodeIgniter.php(832): App\Controllers\Usuarios->login()
#6 C:\xampp\htdocs\evaluacion_no_2\system\CodeIgniter.php(419): CodeIgniter\CodeIgniter->runController(Object(App\Controllers\Usuarios))
#7 C:\xampp\htdocs\evaluacion_no_2\system\CodeIgniter.php(326): CodeIgniter\CodeIgniter->handleRequest(NULL, Object(Config\Cache), false)
#8 C:\xampp\htdocs\evaluacion_no_2\public\index.php(37): CodeIgniter\CodeIgniter->run()
#9 {main}
CRITICAL - 2022-04-09 00:28:24 --> Undefined variable $usuarios
#0 C:\xampp\htdocs\evaluacion_no_2\app\Views\usuario\usuario.php(29): CodeIgniter\Debug\Exceptions->errorHandler(2, 'Undefined varia...', 'C:\\xampp\\htdocs...', 29)
#1 C:\xampp\htdocs\evaluacion_no_2\system\View\View.php(210): include('C:\\xampp\\htdocs...')
#2 C:\xampp\htdocs\evaluacion_no_2\system\View\View.php(213): CodeIgniter\View\View->CodeIgniter\View\{closure}()
#3 C:\xampp\htdocs\evaluacion_no_2\system\Common.php(1089): CodeIgniter\View\View->render('usuario/usuario', Array, true)
#4 C:\xampp\htdocs\evaluacion_no_2\app\Controllers\Usuarios.php(100): view('usuario/usuario')
#5 C:\xampp\htdocs\evaluacion_no_2\system\CodeIgniter.php(832): App\Controllers\Usuarios->login()
#6 C:\xampp\htdocs\evaluacion_no_2\system\CodeIgniter.php(419): CodeIgniter\CodeIgniter->runController(Object(App\Controllers\Usuarios))
#7 C:\xampp\htdocs\evaluacion_no_2\system\CodeIgniter.php(326): CodeIgniter\CodeIgniter->handleRequest(NULL, Object(Config\Cache), false)
#8 C:\xampp\htdocs\evaluacion_no_2\public\index.php(37): CodeIgniter\CodeIgniter->run()
#9 {main}
CRITICAL - 2022-04-09 00:28:25 --> Undefined variable $usuarios
#0 C:\xampp\htdocs\evaluacion_no_2\app\Views\usuario\usuario.php(29): CodeIgniter\Debug\Exceptions->errorHandler(2, 'Undefined varia...', 'C:\\xampp\\htdocs...', 29)
#1 C:\xampp\htdocs\evaluacion_no_2\system\View\View.php(210): include('C:\\xampp\\htdocs...')
#2 C:\xampp\htdocs\evaluacion_no_2\system\View\View.php(213): CodeIgniter\View\View->CodeIgniter\View\{closure}()
#3 C:\xampp\htdocs\evaluacion_no_2\system\Common.php(1089): CodeIgniter\View\View->render('usuario/usuario', Array, true)
#4 C:\xampp\htdocs\evaluacion_no_2\app\Controllers\Usuarios.php(100): view('usuario/usuario')
#5 C:\xampp\htdocs\evaluacion_no_2\system\CodeIgniter.php(832): App\Controllers\Usuarios->login()
#6 C:\xampp\htdocs\evaluacion_no_2\system\CodeIgniter.php(419): CodeIgniter\CodeIgniter->runController(Object(App\Controllers\Usuarios))
#7 C:\xampp\htdocs\evaluacion_no_2\system\CodeIgniter.php(326): CodeIgniter\CodeIgniter->handleRequest(NULL, Object(Config\Cache), false)
#8 C:\xampp\htdocs\evaluacion_no_2\public\index.php(37): CodeIgniter\CodeIgniter->run()
#9 {main}
CRITICAL - 2022-04-09 00:28:25 --> Undefined variable $usuarios
#0 C:\xampp\htdocs\evaluacion_no_2\app\Views\usuario\usuario.php(29): CodeIgniter\Debug\Exceptions->errorHandler(2, 'Undefined varia...', 'C:\\xampp\\htdocs...', 29)
#1 C:\xampp\htdocs\evaluacion_no_2\system\View\View.php(210): include('C:\\xampp\\htdocs...')
#2 C:\xampp\htdocs\evaluacion_no_2\system\View\View.php(213): CodeIgniter\View\View->CodeIgniter\View\{closure}()
#3 C:\xampp\htdocs\evaluacion_no_2\system\Common.php(1089): CodeIgniter\View\View->render('usuario/usuario', Array, true)
#4 C:\xampp\htdocs\evaluacion_no_2\app\Controllers\Usuarios.php(100): view('usuario/usuario')
#5 C:\xampp\htdocs\evaluacion_no_2\system\CodeIgniter.php(832): App\Controllers\Usuarios->login()
#6 C:\xampp\htdocs\evaluacion_no_2\system\CodeIgniter.php(419): CodeIgniter\CodeIgniter->runController(Object(App\Controllers\Usuarios))
#7 C:\xampp\htdocs\evaluacion_no_2\system\CodeIgniter.php(326): CodeIgniter\CodeIgniter->handleRequest(NULL, Object(Config\Cache), false)
#8 C:\xampp\htdocs\evaluacion_no_2\public\index.php(37): CodeIgniter\CodeIgniter->run()
#9 {main}
CRITICAL - 2022-04-09 00:28:26 --> Undefined variable $usuarios
#0 C:\xampp\htdocs\evaluacion_no_2\app\Views\usuario\usuario.php(29): CodeIgniter\Debug\Exceptions->errorHandler(2, 'Undefined varia...', 'C:\\xampp\\htdocs...', 29)
#1 C:\xampp\htdocs\evaluacion_no_2\system\View\View.php(210): include('C:\\xampp\\htdocs...')
#2 C:\xampp\htdocs\evaluacion_no_2\system\View\View.php(213): CodeIgniter\View\View->CodeIgniter\View\{closure}()
#3 C:\xampp\htdocs\evaluacion_no_2\system\Common.php(1089): CodeIgniter\View\View->render('usuario/usuario', Array, true)
#4 C:\xampp\htdocs\evaluacion_no_2\app\Controllers\Usuarios.php(100): view('usuario/usuario')
#5 C:\xampp\htdocs\evaluacion_no_2\system\CodeIgniter.php(832): App\Controllers\Usuarios->login()
#6 C:\xampp\htdocs\evaluacion_no_2\system\CodeIgniter.php(419): CodeIgniter\CodeIgniter->runController(Object(App\Controllers\Usuarios))
#7 C:\xampp\htdocs\evaluacion_no_2\system\CodeIgniter.php(326): CodeIgniter\CodeIgniter->handleRequest(NULL, Object(Config\Cache), false)
#8 C:\xampp\htdocs\evaluacion_no_2\public\index.php(37): CodeIgniter\CodeIgniter->run()
#9 {main}
CRITICAL - 2022-04-09 00:29:28 --> Undefined variable $usuarios
#0 C:\xampp\htdocs\evaluacion_no_2\app\Views\usuario\usuario.php(29): CodeIgniter\Debug\Exceptions->errorHandler(2, 'Undefined varia...', 'C:\\xampp\\htdocs...', 29)
#1 C:\xampp\htdocs\evaluacion_no_2\system\View\View.php(210): include('C:\\xampp\\htdocs...')
#2 C:\xampp\htdocs\evaluacion_no_2\system\View\View.php(213): CodeIgniter\View\View->CodeIgniter\View\{closure}()
#3 C:\xampp\htdocs\evaluacion_no_2\system\Common.php(1089): CodeIgniter\View\View->render('usuario/usuario', Array, true)
#4 C:\xampp\htdocs\evaluacion_no_2\app\Controllers\Login.php(22): view('usuario/usuario')
#5 C:\xampp\htdocs\evaluacion_no_2\system\CodeIgniter.php(832): App\Controllers\Login->login()
#6 C:\xampp\htdocs\evaluacion_no_2\system\CodeIgniter.php(419): CodeIgniter\CodeIgniter->runController(Object(App\Controllers\Login))
#7 C:\xampp\htdocs\evaluacion_no_2\system\CodeIgniter.php(326): CodeIgniter\CodeIgniter->handleRequest(NULL, Object(Config\Cache), false)
#8 C:\xampp\htdocs\evaluacion_no_2\public\index.php(37): CodeIgniter\CodeIgniter->run()
#9 {main}
CRITICAL - 2022-04-09 00:29:29 --> Undefined variable $usuarios
#0 C:\xampp\htdocs\evaluacion_no_2\app\Views\usuario\usuario.php(29): CodeIgniter\Debug\Exceptions->errorHandler(2, 'Undefined varia...', 'C:\\xampp\\htdocs...', 29)
#1 C:\xampp\htdocs\evaluacion_no_2\system\View\View.php(210): include('C:\\xampp\\htdocs...')
#2 C:\xampp\htdocs\evaluacion_no_2\system\View\View.php(213): CodeIgniter\View\View->CodeIgniter\View\{closure}()
#3 C:\xampp\htdocs\evaluacion_no_2\system\Common.php(1089): CodeIgniter\View\View->render('usuario/usuario', Array, true)
#4 C:\xampp\htdocs\evaluacion_no_2\app\Controllers\Login.php(22): view('usuario/usuario')
#5 C:\xampp\htdocs\evaluacion_no_2\system\CodeIgniter.php(832): App\Controllers\Login->login()
#6 C:\xampp\htdocs\evaluacion_no_2\system\CodeIgniter.php(419): CodeIgniter\CodeIgniter->runController(Object(App\Controllers\Login))
#7 C:\xampp\htdocs\evaluacion_no_2\system\CodeIgniter.php(326): CodeIgniter\CodeIgniter->handleRequest(NULL, Object(Config\Cache), false)
#8 C:\xampp\htdocs\evaluacion_no_2\public\index.php(37): CodeIgniter\CodeIgniter->run()
#9 {main}
CRITICAL - 2022-04-09 00:29:30 --> Undefined variable $usuarios
#0 C:\xampp\htdocs\evaluacion_no_2\app\Views\usuario\usuario.php(29): CodeIgniter\Debug\Exceptions->errorHandler(2, 'Undefined varia...', 'C:\\xampp\\htdocs...', 29)
#1 C:\xampp\htdocs\evaluacion_no_2\system\View\View.php(210): include('C:\\xampp\\htdocs...')
#2 C:\xampp\htdocs\evaluacion_no_2\system\View\View.php(213): CodeIgniter\View\View->CodeIgniter\View\{closure}()
#3 C:\xampp\htdocs\evaluacion_no_2\system\Common.php(1089): CodeIgniter\View\View->render('usuario/usuario', Array, true)
#4 C:\xampp\htdocs\evaluacion_no_2\app\Controllers\Login.php(22): view('usuario/usuario')
#5 C:\xampp\htdocs\evaluacion_no_2\system\CodeIgniter.php(832): App\Controllers\Login->login()
#6 C:\xampp\htdocs\evaluacion_no_2\system\CodeIgniter.php(419): CodeIgniter\CodeIgniter->runController(Object(App\Controllers\Login))
#7 C:\xampp\htdocs\evaluacion_no_2\system\CodeIgniter.php(326): CodeIgniter\CodeIgniter->handleRequest(NULL, Object(Config\Cache), false)
#8 C:\xampp\htdocs\evaluacion_no_2\public\index.php(37): CodeIgniter\CodeIgniter->run()
#9 {main}
CRITICAL - 2022-04-09 00:29:38 --> Undefined variable $usuarios
#0 C:\xampp\htdocs\evaluacion_no_2\app\Views\usuario\usuario.php(29): CodeIgniter\Debug\Exceptions->errorHandler(2, 'Undefined varia...', 'C:\\xampp\\htdocs...', 29)
#1 C:\xampp\htdocs\evaluacion_no_2\system\View\View.php(210): include('C:\\xampp\\htdocs...')
#2 C:\xampp\htdocs\evaluacion_no_2\system\View\View.php(213): CodeIgniter\View\View->CodeIgniter\View\{closure}()
#3 C:\xampp\htdocs\evaluacion_no_2\system\Common.php(1089): CodeIgniter\View\View->render('usuario/usuario', Array, true)
#4 C:\xampp\htdocs\evaluacion_no_2\app\Controllers\Login.php(22): view('usuario/usuario')
#5 C:\xampp\htdocs\evaluacion_no_2\system\CodeIgniter.php(832): App\Controllers\Login->login()
#6 C:\xampp\htdocs\evaluacion_no_2\system\CodeIgniter.php(419): CodeIgniter\CodeIgniter->runController(Object(App\Controllers\Login))
#7 C:\xampp\htdocs\evaluacion_no_2\system\CodeIgniter.php(326): CodeIgniter\CodeIgniter->handleRequest(NULL, Object(Config\Cache), false)
#8 C:\xampp\htdocs\evaluacion_no_2\public\index.php(37): CodeIgniter\CodeIgniter->run()
#9 {main}
CRITICAL - 2022-04-09 00:33:21 --> Undefined variable $usuarios
#0 C:\xampp\htdocs\evaluacion_no_2\app\Views\usuario\usuario.php(29): CodeIgniter\Debug\Exceptions->errorHandler(2, 'Undefined varia...', 'C:\\xampp\\htdocs...', 29)
#1 C:\xampp\htdocs\evaluacion_no_2\system\View\View.php(210): include('C:\\xampp\\htdocs...')
#2 C:\xampp\htdocs\evaluacion_no_2\system\View\View.php(213): CodeIgniter\View\View->CodeIgniter\View\{closure}()
#3 C:\xampp\htdocs\evaluacion_no_2\system\Common.php(1089): CodeIgniter\View\View->render('usuario/usuario', Array, true)
#4 C:\xampp\htdocs\evaluacion_no_2\app\Controllers\Login.php(22): view('usuario/usuario')
#5 C:\xampp\htdocs\evaluacion_no_2\system\CodeIgniter.php(832): App\Controllers\Login->login()
#6 C:\xampp\htdocs\evaluacion_no_2\system\CodeIgniter.php(419): CodeIgniter\CodeIgniter->runController(Object(App\Controllers\Login))
#7 C:\xampp\htdocs\evaluacion_no_2\system\CodeIgniter.php(326): CodeIgniter\CodeIgniter->handleRequest(NULL, Object(Config\Cache), false)
#8 C:\xampp\htdocs\evaluacion_no_2\public\index.php(37): CodeIgniter\CodeIgniter->run()
#9 {main}
CRITICAL - 2022-04-09 00:33:21 --> Undefined variable $usuarios
#0 C:\xampp\htdocs\evaluacion_no_2\app\Views\usuario\usuario.php(29): CodeIgniter\Debug\Exceptions->errorHandler(2, 'Undefined varia...', 'C:\\xampp\\htdocs...', 29)
#1 C:\xampp\htdocs\evaluacion_no_2\system\View\View.php(210): include('C:\\xampp\\htdocs...')
#2 C:\xampp\htdocs\evaluacion_no_2\system\View\View.php(213): CodeIgniter\View\View->CodeIgniter\View\{closure}()
#3 C:\xampp\htdocs\evaluacion_no_2\system\Common.php(1089): CodeIgniter\View\View->render('usuario/usuario', Array, true)
#4 C:\xampp\htdocs\evaluacion_no_2\app\Controllers\Login.php(22): view('usuario/usuario')
#5 C:\xampp\htdocs\evaluacion_no_2\system\CodeIgniter.php(832): App\Controllers\Login->login()
#6 C:\xampp\htdocs\evaluacion_no_2\system\CodeIgniter.php(419): CodeIgniter\CodeIgniter->runController(Object(App\Controllers\Login))
#7 C:\xampp\htdocs\evaluacion_no_2\system\CodeIgniter.php(326): CodeIgniter\CodeIgniter->handleRequest(NULL, Object(Config\Cache), false)
#8 C:\xampp\htdocs\evaluacion_no_2\public\index.php(37): CodeIgniter\CodeIgniter->run()
#9 {main}
CRITICAL - 2022-04-09 00:33:22 --> Undefined variable $usuarios
#0 C:\xampp\htdocs\evaluacion_no_2\app\Views\usuario\usuario.php(29): CodeIgniter\Debug\Exceptions->errorHandler(2, 'Undefined varia...', 'C:\\xampp\\htdocs...', 29)
#1 C:\xampp\htdocs\evaluacion_no_2\system\View\View.php(210): include('C:\\xampp\\htdocs...')
#2 C:\xampp\htdocs\evaluacion_no_2\system\View\View.php(213): CodeIgniter\View\View->CodeIgniter\View\{closure}()
#3 C:\xampp\htdocs\evaluacion_no_2\system\Common.php(1089): CodeIgniter\View\View->render('usuario/usuario', Array, true)
#4 C:\xampp\htdocs\evaluacion_no_2\app\Controllers\Login.php(22): view('usuario/usuario')
#5 C:\xampp\htdocs\evaluacion_no_2\system\CodeIgniter.php(832): App\Controllers\Login->login()
#6 C:\xampp\htdocs\evaluacion_no_2\system\CodeIgniter.php(419): CodeIgniter\CodeIgniter->runController(Object(App\Controllers\Login))
#7 C:\xampp\htdocs\evaluacion_no_2\system\CodeIgniter.php(326): CodeIgniter\CodeIgniter->handleRequest(NULL, Object(Config\Cache), false)
#8 C:\xampp\htdocs\evaluacion_no_2\public\index.php(37): CodeIgniter\CodeIgniter->run()
#9 {main}
CRITICAL - 2022-04-09 00:33:31 --> Undefined variable $usuarios
#0 C:\xampp\htdocs\evaluacion_no_2\app\Views\usuario\usuario.php(29): CodeIgniter\Debug\Exceptions->errorHandler(2, 'Undefined varia...', 'C:\\xampp\\htdocs...', 29)
#1 C:\xampp\htdocs\evaluacion_no_2\system\View\View.php(210): include('C:\\xampp\\htdocs...')
#2 C:\xampp\htdocs\evaluacion_no_2\system\View\View.php(213): CodeIgniter\View\View->CodeIgniter\View\{closure}()
#3 C:\xampp\htdocs\evaluacion_no_2\system\Common.php(1089): CodeIgniter\View\View->render('usuario/usuario', Array, true)
#4 C:\xampp\htdocs\evaluacion_no_2\app\Controllers\Login.php(22): view('usuario/usuario')
#5 C:\xampp\htdocs\evaluacion_no_2\system\CodeIgniter.php(832): App\Controllers\Login->login()
#6 C:\xampp\htdocs\evaluacion_no_2\system\CodeIgniter.php(419): CodeIgniter\CodeIgniter->runController(Object(App\Controllers\Login))
#7 C:\xampp\htdocs\evaluacion_no_2\system\CodeIgniter.php(326): CodeIgniter\CodeIgniter->handleRequest(NULL, Object(Config\Cache), false)
#8 C:\xampp\htdocs\evaluacion_no_2\public\index.php(37): CodeIgniter\CodeIgniter->run()
#9 {main}
CRITICAL - 2022-04-09 00:34:34 --> Undefined variable $usuarios
#0 C:\xampp\htdocs\evaluacion_no_2\app\Views\usuario\usuario.php(29): CodeIgniter\Debug\Exceptions->errorHandler(2, 'Undefined varia...', 'C:\\xampp\\htdocs...', 29)
#1 C:\xampp\htdocs\evaluacion_no_2\system\View\View.php(210): include('C:\\xampp\\htdocs...')
#2 C:\xampp\htdocs\evaluacion_no_2\system\View\View.php(213): CodeIgniter\View\View->CodeIgniter\View\{closure}()
#3 C:\xampp\htdocs\evaluacion_no_2\system\Common.php(1089): CodeIgniter\View\View->render('usuario/usuario', Array, true)
#4 C:\xampp\htdocs\evaluacion_no_2\app\Controllers\Login.php(23): view('usuario/usuario')
#5 C:\xampp\htdocs\evaluacion_no_2\system\CodeIgniter.php(832): App\Controllers\Login->login()
#6 C:\xampp\htdocs\evaluacion_no_2\system\CodeIgniter.php(419): CodeIgniter\CodeIgniter->runController(Object(App\Controllers\Login))
#7 C:\xampp\htdocs\evaluacion_no_2\system\CodeIgniter.php(326): CodeIgniter\CodeIgniter->handleRequest(NULL, Object(Config\Cache), false)
#8 C:\xampp\htdocs\evaluacion_no_2\public\index.php(37): CodeIgniter\CodeIgniter->run()
#9 {main}
CRITICAL - 2022-04-09 00:37:17 --> Undefined variable $usuarios
#0 C:\xampp\htdocs\evaluacion_no_2\app\Views\usuario\usuario.php(29): CodeIgniter\Debug\Exceptions->errorHandler(2, 'Undefined varia...', 'C:\\xampp\\htdocs...', 29)
#1 C:\xampp\htdocs\evaluacion_no_2\system\View\View.php(210): include('C:\\xampp\\htdocs...')
#2 C:\xampp\htdocs\evaluacion_no_2\system\View\View.php(213): CodeIgniter\View\View->CodeIgniter\View\{closure}()
#3 C:\xampp\htdocs\evaluacion_no_2\system\Common.php(1089): CodeIgniter\View\View->render('usuario/usuario', Array, true)
#4 C:\xampp\htdocs\evaluacion_no_2\app\Controllers\Usuarios.php(100): view('usuario/usuario')
#5 C:\xampp\htdocs\evaluacion_no_2\system\CodeIgniter.php(832): App\Controllers\Usuarios->login()
#6 C:\xampp\htdocs\evaluacion_no_2\system\CodeIgniter.php(419): CodeIgniter\CodeIgniter->runController(Object(App\Controllers\Usuarios))
#7 C:\xampp\htdocs\evaluacion_no_2\system\CodeIgniter.php(326): CodeIgniter\CodeIgniter->handleRequest(NULL, Object(Config\Cache), false)
#8 C:\xampp\htdocs\evaluacion_no_2\public\index.php(37): CodeIgniter\CodeIgniter->run()
#9 {main}
CRITICAL - 2022-04-09 15:38:03 --> syntax error, unexpected token ";"
#0 C:\xampp\htdocs\evaluacion_no_2\system\View\View.php(213): CodeIgniter\View\View->CodeIgniter\View\{closure}()
#1 C:\xampp\htdocs\evaluacion_no_2\system\Common.php(1089): CodeIgniter\View\View->render('Login/login', Array, true)
#2 C:\xampp\htdocs\evaluacion_no_2\app\Controllers\Login.php(9): view('Login/login')
#3 C:\xampp\htdocs\evaluacion_no_2\system\CodeIgniter.php(832): App\Controllers\Login->index()
#4 C:\xampp\htdocs\evaluacion_no_2\system\CodeIgniter.php(419): CodeIgniter\CodeIgniter->runController(Object(App\Controllers\Login))
#5 C:\xampp\htdocs\evaluacion_no_2\system\CodeIgniter.php(326): CodeIgniter\CodeIgniter->handleRequest(NULL, Object(Config\Cache), false)
#6 C:\xampp\htdocs\evaluacion_no_2\public\index.php(37): CodeIgniter\CodeIgniter->run()
#7 {main}
CRITICAL - 2022-04-09 17:27:21 --> CodeIgniter\Database\BaseBuilder::select(): Argument #2 ($escape) must be of type ?bool, array given, called in C:\xampp\htdocs\evaluacion_no_2\system\Model.php on line 728
#0 C:\xampp\htdocs\evaluacion_no_2\system\Model.php(728): CodeIgniter\Database\BaseBuilder->select('Daniel_Raxjal', Array)
#1 C:\xampp\htdocs\evaluacion_no_2\app\Controllers\Usuarios.php(90): CodeIgniter\Model->__call('select', Array)
#2 C:\xampp\htdocs\evaluacion_no_2\system\CodeIgniter.php(832): App\Controllers\Usuarios->login()
#3 C:\xampp\htdocs\evaluacion_no_2\system\CodeIgniter.php(419): CodeIgniter\CodeIgniter->runController(Object(App\Controllers\Usuarios))
#4 C:\xampp\htdocs\evaluacion_no_2\system\CodeIgniter.php(326): CodeIgniter\CodeIgniter->handleRequest(NULL, Object(Config\Cache), false)
#5 C:\xampp\htdocs\evaluacion_no_2\public\index.php(37): CodeIgniter\CodeIgniter->run()
#6 {main}
CRITICAL - 2022-04-09 17:40:30 --> You must set the database table to be used with your query.
#0 C:\xampp\htdocs\evaluacion_no_2\system\Model.php(545): CodeIgniter\Database\BaseConnection->table(NULL)
#1 C:\xampp\htdocs\evaluacion_no_2\system\Model.php(722): CodeIgniter\Model->builder()
#2 C:\xampp\htdocs\evaluacion_no_2\app\Controllers\Usuarios.php(93): CodeIgniter\Model->__call('select', Array)
#3 C:\xampp\htdocs\evaluacion_no_2\system\CodeIgniter.php(832): App\Controllers\Usuarios->login()
#4 C:\xampp\htdocs\evaluacion_no_2\system\CodeIgniter.php(419): CodeIgniter\CodeIgniter->runController(Object(App\Controllers\Usuarios))
#5 C:\xampp\htdocs\evaluacion_no_2\system\CodeIgniter.php(326): CodeIgniter\CodeIgniter->handleRequest(NULL, Object(Config\Cache), false)
#6 C:\xampp\htdocs\evaluacion_no_2\public\index.php(37): CodeIgniter\CodeIgniter->run()
#7 {main}
CRITICAL - 2022-04-09 17:41:16 --> Undefined variable $usuarios
#0 C:\xampp\htdocs\evaluacion_no_2\app\Views\usuario\usuario.php(29): CodeIgniter\Debug\Exceptions->errorHandler(2, 'Undefined varia...', 'C:\\xampp\\htdocs...', 29)
#1 C:\xampp\htdocs\evaluacion_no_2\system\View\View.php(210): include('C:\\xampp\\htdocs...')
#2 C:\xampp\htdocs\evaluacion_no_2\system\View\View.php(213): CodeIgniter\View\View->CodeIgniter\View\{closure}()
#3 C:\xampp\htdocs\evaluacion_no_2\system\Common.php(1089): CodeIgniter\View\View->render('usuario/usuario', Array, true)
#4 C:\xampp\htdocs\evaluacion_no_2\app\Controllers\Usuarios.php(97): view('usuario/usuario')
#5 C:\xampp\htdocs\evaluacion_no_2\system\CodeIgniter.php(832): App\Controllers\Usuarios->login()
#6 C:\xampp\htdocs\evaluacion_no_2\system\CodeIgniter.php(419): CodeIgniter\CodeIgniter->runController(Object(App\Controllers\Usuarios))
#7 C:\xampp\htdocs\evaluacion_no_2\system\CodeIgniter.php(326): CodeIgniter\CodeIgniter->handleRequest(NULL, Object(Config\Cache), false)
#8 C:\xampp\htdocs\evaluacion_no_2\public\index.php(37): CodeIgniter\CodeIgniter->run()
#9 {main}
CRITICAL - 2022-04-09 17:41:18 --> Undefined variable $usuarios
#0 C:\xampp\htdocs\evaluacion_no_2\app\Views\usuario\usuario.php(29): CodeIgniter\Debug\Exceptions->errorHandler(2, 'Undefined varia...', 'C:\\xampp\\htdocs...', 29)
#1 C:\xampp\htdocs\evaluacion_no_2\system\View\View.php(210): include('C:\\xampp\\htdocs...')
#2 C:\xampp\htdocs\evaluacion_no_2\system\View\View.php(213): CodeIgniter\View\View->CodeIgniter\View\{closure}()
#3 C:\xampp\htdocs\evaluacion_no_2\system\Common.php(1089): CodeIgniter\View\View->render('usuario/usuario', Array, true)
#4 C:\xampp\htdocs\evaluacion_no_2\app\Controllers\Usuarios.php(97): view('usuario/usuario')
#5 C:\xampp\htdocs\evaluacion_no_2\system\CodeIgniter.php(832): App\Controllers\Usuarios->login()
#6 C:\xampp\htdocs\evaluacion_no_2\system\CodeIgniter.php(419): CodeIgniter\CodeIgniter->runController(Object(App\Controllers\Usuarios))
#7 C:\xampp\htdocs\evaluacion_no_2\system\CodeIgniter.php(326): CodeIgniter\CodeIgniter->handleRequest(NULL, Object(Config\Cache), false)
#8 C:\xampp\htdocs\evaluacion_no_2\public\index.php(37): CodeIgniter\CodeIgniter->run()
#9 {main}
