CRITICAL - 2022-04-03 22:20:20 --> Undefined variable $datos
#0 C:\xampp\htdocs\evaluacion_no_2\app\Views\Persona\personas.php(24): CodeIgniter\Debug\Exceptions->errorHandler(2, 'Undefined varia...', 'C:\\xampp\\htdocs...', 24)
#1 C:\xampp\htdocs\evaluacion_no_2\system\View\View.php(210): include('C:\\xampp\\htdocs...')
#2 C:\xampp\htdocs\evaluacion_no_2\system\View\View.php(213): CodeIgniter\View\View->CodeIgniter\View\{closure}()
#3 C:\xampp\htdocs\evaluacion_no_2\system\Common.php(1089): CodeIgniter\View\View->render('Persona/persona...', Array, true)
#4 C:\xampp\htdocs\evaluacion_no_2\app\Controllers\Home.php(9): view('Persona/persona...')
#5 C:\xampp\htdocs\evaluacion_no_2\system\CodeIgniter.php(832): App\Controllers\Home->index()
#6 C:\xampp\htdocs\evaluacion_no_2\system\CodeIgniter.php(419): CodeIgniter\CodeIgniter->runController(Object(App\Controllers\Home))
#7 C:\xampp\htdocs\evaluacion_no_2\system\CodeIgniter.php(326): CodeIgniter\CodeIgniter->handleRequest(NULL, Object(Config\Cache), false)
#8 C:\xampp\htdocs\evaluacion_no_2\public\index.php(37): CodeIgniter\CodeIgniter->run()
#9 {main}
CRITICAL - 2022-04-03 22:20:46 --> Undefined variable $verpersonas
#0 C:\xampp\htdocs\evaluacion_no_2\app\Views\Persona\personas.php(24): CodeIgniter\Debug\Exceptions->errorHandler(2, 'Undefined varia...', 'C:\\xampp\\htdocs...', 24)
#1 C:\xampp\htdocs\evaluacion_no_2\system\View\View.php(210): include('C:\\xampp\\htdocs...')
#2 C:\xampp\htdocs\evaluacion_no_2\system\View\View.php(213): CodeIgniter\View\View->CodeIgniter\View\{closure}()
#3 C:\xampp\htdocs\evaluacion_no_2\system\Common.php(1089): CodeIgniter\View\View->render('Persona/persona...', Array, true)
#4 C:\xampp\htdocs\evaluacion_no_2\app\Controllers\Home.php(9): view('Persona/persona...')
#5 C:\xampp\htdocs\evaluacion_no_2\system\CodeIgniter.php(832): App\Controllers\Home->index()
#6 C:\xampp\htdocs\evaluacion_no_2\system\CodeIgniter.php(419): CodeIgniter\CodeIgniter->runController(Object(App\Controllers\Home))
#7 C:\xampp\htdocs\evaluacion_no_2\system\CodeIgniter.php(326): CodeIgniter\CodeIgniter->handleRequest(NULL, Object(Config\Cache), false)
#8 C:\xampp\htdocs\evaluacion_no_2\public\index.php(37): CodeIgniter\CodeIgniter->run()
#9 {main}
CRITICAL - 2022-04-03 22:20:48 --> Undefined variable $verpersonas
#0 C:\xampp\htdocs\evaluacion_no_2\app\Views\Persona\personas.php(24): CodeIgniter\Debug\Exceptions->errorHandler(2, 'Undefined varia...', 'C:\\xampp\\htdocs...', 24)
#1 C:\xampp\htdocs\evaluacion_no_2\system\View\View.php(210): include('C:\\xampp\\htdocs...')
#2 C:\xampp\htdocs\evaluacion_no_2\system\View\View.php(213): CodeIgniter\View\View->CodeIgniter\View\{closure}()
#3 C:\xampp\htdocs\evaluacion_no_2\system\Common.php(1089): CodeIgniter\View\View->render('Persona/persona...', Array, true)
#4 C:\xampp\htdocs\evaluacion_no_2\app\Controllers\Home.php(9): view('Persona/persona...')
#5 C:\xampp\htdocs\evaluacion_no_2\system\CodeIgniter.php(832): App\Controllers\Home->index()
#6 C:\xampp\htdocs\evaluacion_no_2\system\CodeIgniter.php(419): CodeIgniter\CodeIgniter->runController(Object(App\Controllers\Home))
#7 C:\xampp\htdocs\evaluacion_no_2\system\CodeIgniter.php(326): CodeIgniter\CodeIgniter->handleRequest(NULL, Object(Config\Cache), false)
#8 C:\xampp\htdocs\evaluacion_no_2\public\index.php(37): CodeIgniter\CodeIgniter->run()
#9 {main}
CRITICAL - 2022-04-03 22:23:16 --> Undefined variable $verpersonas
#0 C:\xampp\htdocs\evaluacion_no_2\app\Views\Persona\personas.php(14): CodeIgniter\Debug\Exceptions->errorHandler(2, 'Undefined varia...', 'C:\\xampp\\htdocs...', 14)
#1 C:\xampp\htdocs\evaluacion_no_2\system\View\View.php(210): include('C:\\xampp\\htdocs...')
#2 C:\xampp\htdocs\evaluacion_no_2\system\View\View.php(213): CodeIgniter\View\View->CodeIgniter\View\{closure}()
#3 C:\xampp\htdocs\evaluacion_no_2\system\Common.php(1089): CodeIgniter\View\View->render('Persona/persona...', Array, true)
#4 C:\xampp\htdocs\evaluacion_no_2\app\Controllers\Home.php(9): view('Persona/persona...')
#5 C:\xampp\htdocs\evaluacion_no_2\system\CodeIgniter.php(832): App\Controllers\Home->index()
#6 C:\xampp\htdocs\evaluacion_no_2\system\CodeIgniter.php(419): CodeIgniter\CodeIgniter->runController(Object(App\Controllers\Home))
#7 C:\xampp\htdocs\evaluacion_no_2\system\CodeIgniter.php(326): CodeIgniter\CodeIgniter->handleRequest(NULL, Object(Config\Cache), false)
#8 C:\xampp\htdocs\evaluacion_no_2\public\index.php(37): CodeIgniter\CodeIgniter->run()
#9 {main}
CRITICAL - 2022-04-03 22:24:00 --> Undefined variable $verpersonas
#0 C:\xampp\htdocs\evaluacion_no_2\app\Views\Persona\personas.php(14): CodeIgniter\Debug\Exceptions->errorHandler(2, 'Undefined varia...', 'C:\\xampp\\htdocs...', 14)
#1 C:\xampp\htdocs\evaluacion_no_2\system\View\View.php(210): include('C:\\xampp\\htdocs...')
#2 C:\xampp\htdocs\evaluacion_no_2\system\View\View.php(213): CodeIgniter\View\View->CodeIgniter\View\{closure}()
#3 C:\xampp\htdocs\evaluacion_no_2\system\Common.php(1089): CodeIgniter\View\View->render('Persona/persona...', Array, true)
#4 C:\xampp\htdocs\evaluacion_no_2\app\Controllers\Home.php(9): view('Persona/persona...')
#5 C:\xampp\htdocs\evaluacion_no_2\system\CodeIgniter.php(832): App\Controllers\Home->index()
#6 C:\xampp\htdocs\evaluacion_no_2\system\CodeIgniter.php(419): CodeIgniter\CodeIgniter->runController(Object(App\Controllers\Home))
#7 C:\xampp\htdocs\evaluacion_no_2\system\CodeIgniter.php(326): CodeIgniter\CodeIgniter->handleRequest(NULL, Object(Config\Cache), false)
#8 C:\xampp\htdocs\evaluacion_no_2\public\index.php(37): CodeIgniter\CodeIgniter->run()
#9 {main}
CRITICAL - 2022-04-03 22:24:01 --> Undefined variable $verpersonas
#0 C:\xampp\htdocs\evaluacion_no_2\app\Views\Persona\personas.php(14): CodeIgniter\Debug\Exceptions->errorHandler(2, 'Undefined varia...', 'C:\\xampp\\htdocs...', 14)
#1 C:\xampp\htdocs\evaluacion_no_2\system\View\View.php(210): include('C:\\xampp\\htdocs...')
#2 C:\xampp\htdocs\evaluacion_no_2\system\View\View.php(213): CodeIgniter\View\View->CodeIgniter\View\{closure}()
#3 C:\xampp\htdocs\evaluacion_no_2\system\Common.php(1089): CodeIgniter\View\View->render('Persona/persona...', Array, true)
#4 C:\xampp\htdocs\evaluacion_no_2\app\Controllers\Home.php(9): view('Persona/persona...')
#5 C:\xampp\htdocs\evaluacion_no_2\system\CodeIgniter.php(832): App\Controllers\Home->index()
#6 C:\xampp\htdocs\evaluacion_no_2\system\CodeIgniter.php(419): CodeIgniter\CodeIgniter->runController(Object(App\Controllers\Home))
#7 C:\xampp\htdocs\evaluacion_no_2\system\CodeIgniter.php(326): CodeIgniter\CodeIgniter->handleRequest(NULL, Object(Config\Cache), false)
#8 C:\xampp\htdocs\evaluacion_no_2\public\index.php(37): CodeIgniter\CodeIgniter->run()
#9 {main}
CRITICAL - 2022-04-03 22:25:19 --> Undefined variable $personas
#0 C:\xampp\htdocs\evaluacion_no_2\app\Views\Persona\personas.php(14): CodeIgniter\Debug\Exceptions->errorHandler(2, 'Undefined varia...', 'C:\\xampp\\htdocs...', 14)
#1 C:\xampp\htdocs\evaluacion_no_2\system\View\View.php(210): include('C:\\xampp\\htdocs...')
#2 C:\xampp\htdocs\evaluacion_no_2\system\View\View.php(213): CodeIgniter\View\View->CodeIgniter\View\{closure}()
#3 C:\xampp\htdocs\evaluacion_no_2\system\Common.php(1089): CodeIgniter\View\View->render('Persona/persona...', Array, true)
#4 C:\xampp\htdocs\evaluacion_no_2\app\Controllers\Home.php(9): view('Persona/persona...')
#5 C:\xampp\htdocs\evaluacion_no_2\system\CodeIgniter.php(832): App\Controllers\Home->index()
#6 C:\xampp\htdocs\evaluacion_no_2\system\CodeIgniter.php(419): CodeIgniter\CodeIgniter->runController(Object(App\Controllers\Home))
#7 C:\xampp\htdocs\evaluacion_no_2\system\CodeIgniter.php(326): CodeIgniter\CodeIgniter->handleRequest(NULL, Object(Config\Cache), false)
#8 C:\xampp\htdocs\evaluacion_no_2\public\index.php(37): CodeIgniter\CodeIgniter->run()
#9 {main}
CRITICAL - 2022-04-03 22:25:20 --> Undefined variable $personas
#0 C:\xampp\htdocs\evaluacion_no_2\app\Views\Persona\personas.php(14): CodeIgniter\Debug\Exceptions->errorHandler(2, 'Undefined varia...', 'C:\\xampp\\htdocs...', 14)
#1 C:\xampp\htdocs\evaluacion_no_2\system\View\View.php(210): include('C:\\xampp\\htdocs...')
#2 C:\xampp\htdocs\evaluacion_no_2\system\View\View.php(213): CodeIgniter\View\View->CodeIgniter\View\{closure}()
#3 C:\xampp\htdocs\evaluacion_no_2\system\Common.php(1089): CodeIgniter\View\View->render('Persona/persona...', Array, true)
#4 C:\xampp\htdocs\evaluacion_no_2\app\Controllers\Home.php(9): view('Persona/persona...')
#5 C:\xampp\htdocs\evaluacion_no_2\system\CodeIgniter.php(832): App\Controllers\Home->index()
#6 C:\xampp\htdocs\evaluacion_no_2\system\CodeIgniter.php(419): CodeIgniter\CodeIgniter->runController(Object(App\Controllers\Home))
#7 C:\xampp\htdocs\evaluacion_no_2\system\CodeIgniter.php(326): CodeIgniter\CodeIgniter->handleRequest(NULL, Object(Config\Cache), false)
#8 C:\xampp\htdocs\evaluacion_no_2\public\index.php(37): CodeIgniter\CodeIgniter->run()
#9 {main}
CRITICAL - 2022-04-03 22:25:20 --> Undefined variable $personas
#0 C:\xampp\htdocs\evaluacion_no_2\app\Views\Persona\personas.php(14): CodeIgniter\Debug\Exceptions->errorHandler(2, 'Undefined varia...', 'C:\\xampp\\htdocs...', 14)
#1 C:\xampp\htdocs\evaluacion_no_2\system\View\View.php(210): include('C:\\xampp\\htdocs...')
#2 C:\xampp\htdocs\evaluacion_no_2\system\View\View.php(213): CodeIgniter\View\View->CodeIgniter\View\{closure}()
#3 C:\xampp\htdocs\evaluacion_no_2\system\Common.php(1089): CodeIgniter\View\View->render('Persona/persona...', Array, true)
#4 C:\xampp\htdocs\evaluacion_no_2\app\Controllers\Home.php(9): view('Persona/persona...')
#5 C:\xampp\htdocs\evaluacion_no_2\system\CodeIgniter.php(832): App\Controllers\Home->index()
#6 C:\xampp\htdocs\evaluacion_no_2\system\CodeIgniter.php(419): CodeIgniter\CodeIgniter->runController(Object(App\Controllers\Home))
#7 C:\xampp\htdocs\evaluacion_no_2\system\CodeIgniter.php(326): CodeIgniter\CodeIgniter->handleRequest(NULL, Object(Config\Cache), false)
#8 C:\xampp\htdocs\evaluacion_no_2\public\index.php(37): CodeIgniter\CodeIgniter->run()
#9 {main}
CRITICAL - 2022-04-03 22:26:33 --> Undefined variable $personas
#0 C:\xampp\htdocs\evaluacion_no_2\app\Views\Persona\personas.php(24): CodeIgniter\Debug\Exceptions->errorHandler(2, 'Undefined varia...', 'C:\\xampp\\htdocs...', 24)
#1 C:\xampp\htdocs\evaluacion_no_2\system\View\View.php(210): include('C:\\xampp\\htdocs...')
#2 C:\xampp\htdocs\evaluacion_no_2\system\View\View.php(213): CodeIgniter\View\View->CodeIgniter\View\{closure}()
#3 C:\xampp\htdocs\evaluacion_no_2\system\Common.php(1089): CodeIgniter\View\View->render('Persona/persona...', Array, true)
#4 C:\xampp\htdocs\evaluacion_no_2\app\Controllers\Home.php(9): view('Persona/persona...')
#5 C:\xampp\htdocs\evaluacion_no_2\system\CodeIgniter.php(832): App\Controllers\Home->index()
#6 C:\xampp\htdocs\evaluacion_no_2\system\CodeIgniter.php(419): CodeIgniter\CodeIgniter->runController(Object(App\Controllers\Home))
#7 C:\xampp\htdocs\evaluacion_no_2\system\CodeIgniter.php(326): CodeIgniter\CodeIgniter->handleRequest(NULL, Object(Config\Cache), false)
#8 C:\xampp\htdocs\evaluacion_no_2\public\index.php(37): CodeIgniter\CodeIgniter->run()
#9 {main}
CRITICAL - 2022-04-03 22:27:50 --> Undefined variable $personas
#0 C:\xampp\htdocs\evaluacion_no_2\app\Views\Persona\personas.php(24): CodeIgniter\Debug\Exceptions->errorHandler(2, 'Undefined varia...', 'C:\\xampp\\htdocs...', 24)
#1 C:\xampp\htdocs\evaluacion_no_2\system\View\View.php(210): include('C:\\xampp\\htdocs...')
#2 C:\xampp\htdocs\evaluacion_no_2\system\View\View.php(213): CodeIgniter\View\View->CodeIgniter\View\{closure}()
#3 C:\xampp\htdocs\evaluacion_no_2\system\Common.php(1089): CodeIgniter\View\View->render('Persona/persona...', Array, true)
#4 C:\xampp\htdocs\evaluacion_no_2\app\Controllers\Home.php(9): view('Persona/persona...')
#5 C:\xampp\htdocs\evaluacion_no_2\system\CodeIgniter.php(832): App\Controllers\Home->index()
#6 C:\xampp\htdocs\evaluacion_no_2\system\CodeIgniter.php(419): CodeIgniter\CodeIgniter->runController(Object(App\Controllers\Home))
#7 C:\xampp\htdocs\evaluacion_no_2\system\CodeIgniter.php(326): CodeIgniter\CodeIgniter->handleRequest(NULL, Object(Config\Cache), false)
#8 C:\xampp\htdocs\evaluacion_no_2\public\index.php(37): CodeIgniter\CodeIgniter->run()
#9 {main}
CRITICAL - 2022-04-03 22:27:51 --> Undefined variable $personas
#0 C:\xampp\htdocs\evaluacion_no_2\app\Views\Persona\personas.php(24): CodeIgniter\Debug\Exceptions->errorHandler(2, 'Undefined varia...', 'C:\\xampp\\htdocs...', 24)
#1 C:\xampp\htdocs\evaluacion_no_2\system\View\View.php(210): include('C:\\xampp\\htdocs...')
#2 C:\xampp\htdocs\evaluacion_no_2\system\View\View.php(213): CodeIgniter\View\View->CodeIgniter\View\{closure}()
#3 C:\xampp\htdocs\evaluacion_no_2\system\Common.php(1089): CodeIgniter\View\View->render('Persona/persona...', Array, true)
#4 C:\xampp\htdocs\evaluacion_no_2\app\Controllers\Home.php(9): view('Persona/persona...')
#5 C:\xampp\htdocs\evaluacion_no_2\system\CodeIgniter.php(832): App\Controllers\Home->index()
#6 C:\xampp\htdocs\evaluacion_no_2\system\CodeIgniter.php(419): CodeIgniter\CodeIgniter->runController(Object(App\Controllers\Home))
#7 C:\xampp\htdocs\evaluacion_no_2\system\CodeIgniter.php(326): CodeIgniter\CodeIgniter->handleRequest(NULL, Object(Config\Cache), false)
#8 C:\xampp\htdocs\evaluacion_no_2\public\index.php(37): CodeIgniter\CodeIgniter->run()
#9 {main}
CRITICAL - 2022-04-03 22:31:11 --> Undefined variable $personas
#0 C:\xampp\htdocs\evaluacion_no_2\app\Views\Persona\personas.php(14): CodeIgniter\Debug\Exceptions->errorHandler(2, 'Undefined varia...', 'C:\\xampp\\htdocs...', 14)
#1 C:\xampp\htdocs\evaluacion_no_2\system\View\View.php(210): include('C:\\xampp\\htdocs...')
#2 C:\xampp\htdocs\evaluacion_no_2\system\View\View.php(213): CodeIgniter\View\View->CodeIgniter\View\{closure}()
#3 C:\xampp\htdocs\evaluacion_no_2\system\Common.php(1089): CodeIgniter\View\View->render('Persona/persona...', Array, true)
#4 C:\xampp\htdocs\evaluacion_no_2\app\Controllers\Home.php(9): view('Persona/persona...')
#5 C:\xampp\htdocs\evaluacion_no_2\system\CodeIgniter.php(832): App\Controllers\Home->index()
#6 C:\xampp\htdocs\evaluacion_no_2\system\CodeIgniter.php(419): CodeIgniter\CodeIgniter->runController(Object(App\Controllers\Home))
#7 C:\xampp\htdocs\evaluacion_no_2\system\CodeIgniter.php(326): CodeIgniter\CodeIgniter->handleRequest(NULL, Object(Config\Cache), false)
#8 C:\xampp\htdocs\evaluacion_no_2\public\index.php(37): CodeIgniter\CodeIgniter->run()
#9 {main}
CRITICAL - 2022-04-03 22:31:16 --> Undefined variable $personas
#0 C:\xampp\htdocs\evaluacion_no_2\app\Views\Persona\personas.php(14): CodeIgniter\Debug\Exceptions->errorHandler(2, 'Undefined varia...', 'C:\\xampp\\htdocs...', 14)
#1 C:\xampp\htdocs\evaluacion_no_2\system\View\View.php(210): include('C:\\xampp\\htdocs...')
#2 C:\xampp\htdocs\evaluacion_no_2\system\View\View.php(213): CodeIgniter\View\View->CodeIgniter\View\{closure}()
#3 C:\xampp\htdocs\evaluacion_no_2\system\Common.php(1089): CodeIgniter\View\View->render('Persona/persona...', Array, true)
#4 C:\xampp\htdocs\evaluacion_no_2\app\Controllers\Home.php(9): view('Persona/persona...')
#5 C:\xampp\htdocs\evaluacion_no_2\system\CodeIgniter.php(832): App\Controllers\Home->index()
#6 C:\xampp\htdocs\evaluacion_no_2\system\CodeIgniter.php(419): CodeIgniter\CodeIgniter->runController(Object(App\Controllers\Home))
#7 C:\xampp\htdocs\evaluacion_no_2\system\CodeIgniter.php(326): CodeIgniter\CodeIgniter->handleRequest(NULL, Object(Config\Cache), false)
#8 C:\xampp\htdocs\evaluacion_no_2\public\index.php(37): CodeIgniter\CodeIgniter->run()
#9 {main}
CRITICAL - 2022-04-03 22:32:20 --> Undefined variable $personas
#0 C:\xampp\htdocs\evaluacion_no_2\app\Views\Persona\personas.php(14): CodeIgniter\Debug\Exceptions->errorHandler(2, 'Undefined varia...', 'C:\\xampp\\htdocs...', 14)
#1 C:\xampp\htdocs\evaluacion_no_2\system\View\View.php(210): include('C:\\xampp\\htdocs...')
#2 C:\xampp\htdocs\evaluacion_no_2\system\View\View.php(213): CodeIgniter\View\View->CodeIgniter\View\{closure}()
#3 C:\xampp\htdocs\evaluacion_no_2\system\Common.php(1089): CodeIgniter\View\View->render('Persona/persona...', Array, true)
#4 C:\xampp\htdocs\evaluacion_no_2\app\Controllers\Home.php(9): view('Persona/persona...')
#5 C:\xampp\htdocs\evaluacion_no_2\system\CodeIgniter.php(832): App\Controllers\Home->index()
#6 C:\xampp\htdocs\evaluacion_no_2\system\CodeIgniter.php(419): CodeIgniter\CodeIgniter->runController(Object(App\Controllers\Home))
#7 C:\xampp\htdocs\evaluacion_no_2\system\CodeIgniter.php(326): CodeIgniter\CodeIgniter->handleRequest(NULL, Object(Config\Cache), false)
#8 C:\xampp\htdocs\evaluacion_no_2\public\index.php(37): CodeIgniter\CodeIgniter->run()
#9 {main}
CRITICAL - 2022-04-03 22:32:26 --> Undefined variable $personas
#0 C:\xampp\htdocs\evaluacion_no_2\app\Views\Persona\personas.php(14): CodeIgniter\Debug\Exceptions->errorHandler(2, 'Undefined varia...', 'C:\\xampp\\htdocs...', 14)
#1 C:\xampp\htdocs\evaluacion_no_2\system\View\View.php(210): include('C:\\xampp\\htdocs...')
#2 C:\xampp\htdocs\evaluacion_no_2\system\View\View.php(213): CodeIgniter\View\View->CodeIgniter\View\{closure}()
#3 C:\xampp\htdocs\evaluacion_no_2\system\Common.php(1089): CodeIgniter\View\View->render('Persona/persona...', Array, true)
#4 C:\xampp\htdocs\evaluacion_no_2\app\Controllers\Home.php(9): view('Persona/persona...')
#5 C:\xampp\htdocs\evaluacion_no_2\system\CodeIgniter.php(832): App\Controllers\Home->index()
#6 C:\xampp\htdocs\evaluacion_no_2\system\CodeIgniter.php(419): CodeIgniter\CodeIgniter->runController(Object(App\Controllers\Home))
#7 C:\xampp\htdocs\evaluacion_no_2\system\CodeIgniter.php(326): CodeIgniter\CodeIgniter->handleRequest(NULL, Object(Config\Cache), false)
#8 C:\xampp\htdocs\evaluacion_no_2\public\index.php(37): CodeIgniter\CodeIgniter->run()
#9 {main}
CRITICAL - 2022-04-03 22:32:26 --> Undefined variable $personas
#0 C:\xampp\htdocs\evaluacion_no_2\app\Views\Persona\personas.php(14): CodeIgniter\Debug\Exceptions->errorHandler(2, 'Undefined varia...', 'C:\\xampp\\htdocs...', 14)
#1 C:\xampp\htdocs\evaluacion_no_2\system\View\View.php(210): include('C:\\xampp\\htdocs...')
#2 C:\xampp\htdocs\evaluacion_no_2\system\View\View.php(213): CodeIgniter\View\View->CodeIgniter\View\{closure}()
#3 C:\xampp\htdocs\evaluacion_no_2\system\Common.php(1089): CodeIgniter\View\View->render('Persona/persona...', Array, true)
#4 C:\xampp\htdocs\evaluacion_no_2\app\Controllers\Home.php(9): view('Persona/persona...')
#5 C:\xampp\htdocs\evaluacion_no_2\system\CodeIgniter.php(832): App\Controllers\Home->index()
#6 C:\xampp\htdocs\evaluacion_no_2\system\CodeIgniter.php(419): CodeIgniter\CodeIgniter->runController(Object(App\Controllers\Home))
#7 C:\xampp\htdocs\evaluacion_no_2\system\CodeIgniter.php(326): CodeIgniter\CodeIgniter->handleRequest(NULL, Object(Config\Cache), false)
#8 C:\xampp\htdocs\evaluacion_no_2\public\index.php(37): CodeIgniter\CodeIgniter->run()
#9 {main}
CRITICAL - 2022-04-03 22:32:27 --> Undefined variable $personas
#0 C:\xampp\htdocs\evaluacion_no_2\app\Views\Persona\personas.php(14): CodeIgniter\Debug\Exceptions->errorHandler(2, 'Undefined varia...', 'C:\\xampp\\htdocs...', 14)
#1 C:\xampp\htdocs\evaluacion_no_2\system\View\View.php(210): include('C:\\xampp\\htdocs...')
#2 C:\xampp\htdocs\evaluacion_no_2\system\View\View.php(213): CodeIgniter\View\View->CodeIgniter\View\{closure}()
#3 C:\xampp\htdocs\evaluacion_no_2\system\Common.php(1089): CodeIgniter\View\View->render('Persona/persona...', Array, true)
#4 C:\xampp\htdocs\evaluacion_no_2\app\Controllers\Home.php(9): view('Persona/persona...')
#5 C:\xampp\htdocs\evaluacion_no_2\system\CodeIgniter.php(832): App\Controllers\Home->index()
#6 C:\xampp\htdocs\evaluacion_no_2\system\CodeIgniter.php(419): CodeIgniter\CodeIgniter->runController(Object(App\Controllers\Home))
#7 C:\xampp\htdocs\evaluacion_no_2\system\CodeIgniter.php(326): CodeIgniter\CodeIgniter->handleRequest(NULL, Object(Config\Cache), false)
#8 C:\xampp\htdocs\evaluacion_no_2\public\index.php(37): CodeIgniter\CodeIgniter->run()
#9 {main}
CRITICAL - 2022-04-03 22:34:14 --> Undefined variable $ver
#0 C:\xampp\htdocs\evaluacion_no_2\app\Views\Persona\personas.php(23): CodeIgniter\Debug\Exceptions->errorHandler(2, 'Undefined varia...', 'C:\\xampp\\htdocs...', 23)
#1 C:\xampp\htdocs\evaluacion_no_2\system\View\View.php(210): include('C:\\xampp\\htdocs...')
#2 C:\xampp\htdocs\evaluacion_no_2\system\View\View.php(213): CodeIgniter\View\View->CodeIgniter\View\{closure}()
#3 C:\xampp\htdocs\evaluacion_no_2\system\Common.php(1089): CodeIgniter\View\View->render('Persona/persona...', Array, true)
#4 C:\xampp\htdocs\evaluacion_no_2\app\Controllers\Home.php(9): view('Persona/persona...')
#5 C:\xampp\htdocs\evaluacion_no_2\system\CodeIgniter.php(832): App\Controllers\Home->index()
#6 C:\xampp\htdocs\evaluacion_no_2\system\CodeIgniter.php(419): CodeIgniter\CodeIgniter->runController(Object(App\Controllers\Home))
#7 C:\xampp\htdocs\evaluacion_no_2\system\CodeIgniter.php(326): CodeIgniter\CodeIgniter->handleRequest(NULL, Object(Config\Cache), false)
#8 C:\xampp\htdocs\evaluacion_no_2\public\index.php(37): CodeIgniter\CodeIgniter->run()
#9 {main}
CRITICAL - 2022-04-03 22:34:15 --> Undefined variable $ver
#0 C:\xampp\htdocs\evaluacion_no_2\app\Views\Persona\personas.php(23): CodeIgniter\Debug\Exceptions->errorHandler(2, 'Undefined varia...', 'C:\\xampp\\htdocs...', 23)
#1 C:\xampp\htdocs\evaluacion_no_2\system\View\View.php(210): include('C:\\xampp\\htdocs...')
#2 C:\xampp\htdocs\evaluacion_no_2\system\View\View.php(213): CodeIgniter\View\View->CodeIgniter\View\{closure}()
#3 C:\xampp\htdocs\evaluacion_no_2\system\Common.php(1089): CodeIgniter\View\View->render('Persona/persona...', Array, true)
#4 C:\xampp\htdocs\evaluacion_no_2\app\Controllers\Home.php(9): view('Persona/persona...')
#5 C:\xampp\htdocs\evaluacion_no_2\system\CodeIgniter.php(832): App\Controllers\Home->index()
#6 C:\xampp\htdocs\evaluacion_no_2\system\CodeIgniter.php(419): CodeIgniter\CodeIgniter->runController(Object(App\Controllers\Home))
#7 C:\xampp\htdocs\evaluacion_no_2\system\CodeIgniter.php(326): CodeIgniter\CodeIgniter->handleRequest(NULL, Object(Config\Cache), false)
#8 C:\xampp\htdocs\evaluacion_no_2\public\index.php(37): CodeIgniter\CodeIgniter->run()
#9 {main}
CRITICAL - 2022-04-03 22:34:15 --> Undefined variable $ver
#0 C:\xampp\htdocs\evaluacion_no_2\app\Views\Persona\personas.php(23): CodeIgniter\Debug\Exceptions->errorHandler(2, 'Undefined varia...', 'C:\\xampp\\htdocs...', 23)
#1 C:\xampp\htdocs\evaluacion_no_2\system\View\View.php(210): include('C:\\xampp\\htdocs...')
#2 C:\xampp\htdocs\evaluacion_no_2\system\View\View.php(213): CodeIgniter\View\View->CodeIgniter\View\{closure}()
#3 C:\xampp\htdocs\evaluacion_no_2\system\Common.php(1089): CodeIgniter\View\View->render('Persona/persona...', Array, true)
#4 C:\xampp\htdocs\evaluacion_no_2\app\Controllers\Home.php(9): view('Persona/persona...')
#5 C:\xampp\htdocs\evaluacion_no_2\system\CodeIgniter.php(832): App\Controllers\Home->index()
#6 C:\xampp\htdocs\evaluacion_no_2\system\CodeIgniter.php(419): CodeIgniter\CodeIgniter->runController(Object(App\Controllers\Home))
#7 C:\xampp\htdocs\evaluacion_no_2\system\CodeIgniter.php(326): CodeIgniter\CodeIgniter->handleRequest(NULL, Object(Config\Cache), false)
#8 C:\xampp\htdocs\evaluacion_no_2\public\index.php(37): CodeIgniter\CodeIgniter->run()
#9 {main}
CRITICAL - 2022-04-03 22:34:16 --> Undefined variable $ver
#0 C:\xampp\htdocs\evaluacion_no_2\app\Views\Persona\personas.php(23): CodeIgniter\Debug\Exceptions->errorHandler(2, 'Undefined varia...', 'C:\\xampp\\htdocs...', 23)
#1 C:\xampp\htdocs\evaluacion_no_2\system\View\View.php(210): include('C:\\xampp\\htdocs...')
#2 C:\xampp\htdocs\evaluacion_no_2\system\View\View.php(213): CodeIgniter\View\View->CodeIgniter\View\{closure}()
#3 C:\xampp\htdocs\evaluacion_no_2\system\Common.php(1089): CodeIgniter\View\View->render('Persona/persona...', Array, true)
#4 C:\xampp\htdocs\evaluacion_no_2\app\Controllers\Home.php(9): view('Persona/persona...')
#5 C:\xampp\htdocs\evaluacion_no_2\system\CodeIgniter.php(832): App\Controllers\Home->index()
#6 C:\xampp\htdocs\evaluacion_no_2\system\CodeIgniter.php(419): CodeIgniter\CodeIgniter->runController(Object(App\Controllers\Home))
#7 C:\xampp\htdocs\evaluacion_no_2\system\CodeIgniter.php(326): CodeIgniter\CodeIgniter->handleRequest(NULL, Object(Config\Cache), false)
#8 C:\xampp\htdocs\evaluacion_no_2\public\index.php(37): CodeIgniter\CodeIgniter->run()
#9 {main}
CRITICAL - 2022-04-03 22:34:16 --> Undefined variable $ver
#0 C:\xampp\htdocs\evaluacion_no_2\app\Views\Persona\personas.php(23): CodeIgniter\Debug\Exceptions->errorHandler(2, 'Undefined varia...', 'C:\\xampp\\htdocs...', 23)
#1 C:\xampp\htdocs\evaluacion_no_2\system\View\View.php(210): include('C:\\xampp\\htdocs...')
#2 C:\xampp\htdocs\evaluacion_no_2\system\View\View.php(213): CodeIgniter\View\View->CodeIgniter\View\{closure}()
#3 C:\xampp\htdocs\evaluacion_no_2\system\Common.php(1089): CodeIgniter\View\View->render('Persona/persona...', Array, true)
#4 C:\xampp\htdocs\evaluacion_no_2\app\Controllers\Home.php(9): view('Persona/persona...')
#5 C:\xampp\htdocs\evaluacion_no_2\system\CodeIgniter.php(832): App\Controllers\Home->index()
#6 C:\xampp\htdocs\evaluacion_no_2\system\CodeIgniter.php(419): CodeIgniter\CodeIgniter->runController(Object(App\Controllers\Home))
#7 C:\xampp\htdocs\evaluacion_no_2\system\CodeIgniter.php(326): CodeIgniter\CodeIgniter->handleRequest(NULL, Object(Config\Cache), false)
#8 C:\xampp\htdocs\evaluacion_no_2\public\index.php(37): CodeIgniter\CodeIgniter->run()
#9 {main}
CRITICAL - 2022-04-03 22:34:17 --> Undefined variable $ver
#0 C:\xampp\htdocs\evaluacion_no_2\app\Views\Persona\personas.php(23): CodeIgniter\Debug\Exceptions->errorHandler(2, 'Undefined varia...', 'C:\\xampp\\htdocs...', 23)
#1 C:\xampp\htdocs\evaluacion_no_2\system\View\View.php(210): include('C:\\xampp\\htdocs...')
#2 C:\xampp\htdocs\evaluacion_no_2\system\View\View.php(213): CodeIgniter\View\View->CodeIgniter\View\{closure}()
#3 C:\xampp\htdocs\evaluacion_no_2\system\Common.php(1089): CodeIgniter\View\View->render('Persona/persona...', Array, true)
#4 C:\xampp\htdocs\evaluacion_no_2\app\Controllers\Home.php(9): view('Persona/persona...')
#5 C:\xampp\htdocs\evaluacion_no_2\system\CodeIgniter.php(832): App\Controllers\Home->index()
#6 C:\xampp\htdocs\evaluacion_no_2\system\CodeIgniter.php(419): CodeIgniter\CodeIgniter->runController(Object(App\Controllers\Home))
#7 C:\xampp\htdocs\evaluacion_no_2\system\CodeIgniter.php(326): CodeIgniter\CodeIgniter->handleRequest(NULL, Object(Config\Cache), false)
#8 C:\xampp\htdocs\evaluacion_no_2\public\index.php(37): CodeIgniter\CodeIgniter->run()
#9 {main}
CRITICAL - 2022-04-03 22:35:01 --> Undefined variable $ver
#0 C:\xampp\htdocs\evaluacion_no_2\app\Views\Persona\personas.php(23): CodeIgniter\Debug\Exceptions->errorHandler(2, 'Undefined varia...', 'C:\\xampp\\htdocs...', 23)
#1 C:\xampp\htdocs\evaluacion_no_2\system\View\View.php(210): include('C:\\xampp\\htdocs...')
#2 C:\xampp\htdocs\evaluacion_no_2\system\View\View.php(213): CodeIgniter\View\View->CodeIgniter\View\{closure}()
#3 C:\xampp\htdocs\evaluacion_no_2\system\Common.php(1089): CodeIgniter\View\View->render('Persona/persona...', Array, true)
#4 C:\xampp\htdocs\evaluacion_no_2\app\Controllers\Home.php(9): view('Persona/persona...')
#5 C:\xampp\htdocs\evaluacion_no_2\system\CodeIgniter.php(832): App\Controllers\Home->index()
#6 C:\xampp\htdocs\evaluacion_no_2\system\CodeIgniter.php(419): CodeIgniter\CodeIgniter->runController(Object(App\Controllers\Home))
#7 C:\xampp\htdocs\evaluacion_no_2\system\CodeIgniter.php(326): CodeIgniter\CodeIgniter->handleRequest(NULL, Object(Config\Cache), false)
#8 C:\xampp\htdocs\evaluacion_no_2\public\index.php(37): CodeIgniter\CodeIgniter->run()
#9 {main}
CRITICAL - 2022-04-03 22:35:02 --> Undefined variable $ver
#0 C:\xampp\htdocs\evaluacion_no_2\app\Views\Persona\personas.php(23): CodeIgniter\Debug\Exceptions->errorHandler(2, 'Undefined varia...', 'C:\\xampp\\htdocs...', 23)
#1 C:\xampp\htdocs\evaluacion_no_2\system\View\View.php(210): include('C:\\xampp\\htdocs...')
#2 C:\xampp\htdocs\evaluacion_no_2\system\View\View.php(213): CodeIgniter\View\View->CodeIgniter\View\{closure}()
#3 C:\xampp\htdocs\evaluacion_no_2\system\Common.php(1089): CodeIgniter\View\View->render('Persona/persona...', Array, true)
#4 C:\xampp\htdocs\evaluacion_no_2\app\Controllers\Home.php(9): view('Persona/persona...')
#5 C:\xampp\htdocs\evaluacion_no_2\system\CodeIgniter.php(832): App\Controllers\Home->index()
#6 C:\xampp\htdocs\evaluacion_no_2\system\CodeIgniter.php(419): CodeIgniter\CodeIgniter->runController(Object(App\Controllers\Home))
#7 C:\xampp\htdocs\evaluacion_no_2\system\CodeIgniter.php(326): CodeIgniter\CodeIgniter->handleRequest(NULL, Object(Config\Cache), false)
#8 C:\xampp\htdocs\evaluacion_no_2\public\index.php(37): CodeIgniter\CodeIgniter->run()
#9 {main}
CRITICAL - 2022-04-03 22:36:28 --> Undefined variable $ver
#0 C:\xampp\htdocs\evaluacion_no_2\app\Views\Persona\personas.php(23): CodeIgniter\Debug\Exceptions->errorHandler(2, 'Undefined varia...', 'C:\\xampp\\htdocs...', 23)
#1 C:\xampp\htdocs\evaluacion_no_2\system\View\View.php(210): include('C:\\xampp\\htdocs...')
#2 C:\xampp\htdocs\evaluacion_no_2\system\View\View.php(213): CodeIgniter\View\View->CodeIgniter\View\{closure}()
#3 C:\xampp\htdocs\evaluacion_no_2\system\Common.php(1089): CodeIgniter\View\View->render('Persona/persona...', Array, true)
#4 C:\xampp\htdocs\evaluacion_no_2\app\Controllers\Home.php(9): view('Persona/persona...')
#5 C:\xampp\htdocs\evaluacion_no_2\system\CodeIgniter.php(832): App\Controllers\Home->index()
#6 C:\xampp\htdocs\evaluacion_no_2\system\CodeIgniter.php(419): CodeIgniter\CodeIgniter->runController(Object(App\Controllers\Home))
#7 C:\xampp\htdocs\evaluacion_no_2\system\CodeIgniter.php(326): CodeIgniter\CodeIgniter->handleRequest(NULL, Object(Config\Cache), false)
#8 C:\xampp\htdocs\evaluacion_no_2\public\index.php(37): CodeIgniter\CodeIgniter->run()
#9 {main}
CRITICAL - 2022-04-03 22:36:30 --> Undefined variable $ver
#0 C:\xampp\htdocs\evaluacion_no_2\app\Views\Persona\personas.php(23): CodeIgniter\Debug\Exceptions->errorHandler(2, 'Undefined varia...', 'C:\\xampp\\htdocs...', 23)
#1 C:\xampp\htdocs\evaluacion_no_2\system\View\View.php(210): include('C:\\xampp\\htdocs...')
#2 C:\xampp\htdocs\evaluacion_no_2\system\View\View.php(213): CodeIgniter\View\View->CodeIgniter\View\{closure}()
#3 C:\xampp\htdocs\evaluacion_no_2\system\Common.php(1089): CodeIgniter\View\View->render('Persona/persona...', Array, true)
#4 C:\xampp\htdocs\evaluacion_no_2\app\Controllers\Home.php(9): view('Persona/persona...')
#5 C:\xampp\htdocs\evaluacion_no_2\system\CodeIgniter.php(832): App\Controllers\Home->index()
#6 C:\xampp\htdocs\evaluacion_no_2\system\CodeIgniter.php(419): CodeIgniter\CodeIgniter->runController(Object(App\Controllers\Home))
#7 C:\xampp\htdocs\evaluacion_no_2\system\CodeIgniter.php(326): CodeIgniter\CodeIgniter->handleRequest(NULL, Object(Config\Cache), false)
#8 C:\xampp\htdocs\evaluacion_no_2\public\index.php(37): CodeIgniter\CodeIgniter->run()
#9 {main}
CRITICAL - 2022-04-03 22:37:38 --> Undefined variable $ver
#0 C:\xampp\htdocs\evaluacion_no_2\app\Views\Persona\personas.php(23): CodeIgniter\Debug\Exceptions->errorHandler(2, 'Undefined varia...', 'C:\\xampp\\htdocs...', 23)
#1 C:\xampp\htdocs\evaluacion_no_2\system\View\View.php(210): include('C:\\xampp\\htdocs...')
#2 C:\xampp\htdocs\evaluacion_no_2\system\View\View.php(213): CodeIgniter\View\View->CodeIgniter\View\{closure}()
#3 C:\xampp\htdocs\evaluacion_no_2\system\Common.php(1089): CodeIgniter\View\View->render('Persona/persona...', Array, true)
#4 C:\xampp\htdocs\evaluacion_no_2\app\Controllers\Home.php(9): view('Persona/persona...')
#5 C:\xampp\htdocs\evaluacion_no_2\system\CodeIgniter.php(832): App\Controllers\Home->index()
#6 C:\xampp\htdocs\evaluacion_no_2\system\CodeIgniter.php(419): CodeIgniter\CodeIgniter->runController(Object(App\Controllers\Home))
#7 C:\xampp\htdocs\evaluacion_no_2\system\CodeIgniter.php(326): CodeIgniter\CodeIgniter->handleRequest(NULL, Object(Config\Cache), false)
#8 C:\xampp\htdocs\evaluacion_no_2\public\index.php(37): CodeIgniter\CodeIgniter->run()
#9 {main}
CRITICAL - 2022-04-03 22:38:54 --> Undefined variable $ver
#0 C:\xampp\htdocs\evaluacion_no_2\app\Views\Persona\personas.php(23): CodeIgniter\Debug\Exceptions->errorHandler(2, 'Undefined varia...', 'C:\\xampp\\htdocs...', 23)
#1 C:\xampp\htdocs\evaluacion_no_2\system\View\View.php(210): include('C:\\xampp\\htdocs...')
#2 C:\xampp\htdocs\evaluacion_no_2\system\View\View.php(213): CodeIgniter\View\View->CodeIgniter\View\{closure}()
#3 C:\xampp\htdocs\evaluacion_no_2\system\Common.php(1089): CodeIgniter\View\View->render('Persona/persona...', Array, true)
#4 C:\xampp\htdocs\evaluacion_no_2\app\Controllers\Home.php(9): view('Persona/persona...')
#5 C:\xampp\htdocs\evaluacion_no_2\system\CodeIgniter.php(832): App\Controllers\Home->index()
#6 C:\xampp\htdocs\evaluacion_no_2\system\CodeIgniter.php(419): CodeIgniter\CodeIgniter->runController(Object(App\Controllers\Home))
#7 C:\xampp\htdocs\evaluacion_no_2\system\CodeIgniter.php(326): CodeIgniter\CodeIgniter->handleRequest(NULL, Object(Config\Cache), false)
#8 C:\xampp\htdocs\evaluacion_no_2\public\index.php(37): CodeIgniter\CodeIgniter->run()
#9 {main}
CRITICAL - 2022-04-03 22:39:26 --> Undefined variable $ver
#0 C:\xampp\htdocs\evaluacion_no_2\app\Views\Persona\personas.php(22): CodeIgniter\Debug\Exceptions->errorHandler(2, 'Undefined varia...', 'C:\\xampp\\htdocs...', 22)
#1 C:\xampp\htdocs\evaluacion_no_2\system\View\View.php(210): include('C:\\xampp\\htdocs...')
#2 C:\xampp\htdocs\evaluacion_no_2\system\View\View.php(213): CodeIgniter\View\View->CodeIgniter\View\{closure}()
#3 C:\xampp\htdocs\evaluacion_no_2\system\Common.php(1089): CodeIgniter\View\View->render('Persona/persona...', Array, true)
#4 C:\xampp\htdocs\evaluacion_no_2\app\Controllers\Home.php(9): view('Persona/persona...')
#5 C:\xampp\htdocs\evaluacion_no_2\system\CodeIgniter.php(832): App\Controllers\Home->index()
#6 C:\xampp\htdocs\evaluacion_no_2\system\CodeIgniter.php(419): CodeIgniter\CodeIgniter->runController(Object(App\Controllers\Home))
#7 C:\xampp\htdocs\evaluacion_no_2\system\CodeIgniter.php(326): CodeIgniter\CodeIgniter->handleRequest(NULL, Object(Config\Cache), false)
#8 C:\xampp\htdocs\evaluacion_no_2\public\index.php(37): CodeIgniter\CodeIgniter->run()
#9 {main}
CRITICAL - 2022-04-03 22:39:40 --> Undefined variable $ver
#0 C:\xampp\htdocs\evaluacion_no_2\app\Views\Persona\personas.php(22): CodeIgniter\Debug\Exceptions->errorHandler(2, 'Undefined varia...', 'C:\\xampp\\htdocs...', 22)
#1 C:\xampp\htdocs\evaluacion_no_2\system\View\View.php(210): include('C:\\xampp\\htdocs...')
#2 C:\xampp\htdocs\evaluacion_no_2\system\View\View.php(213): CodeIgniter\View\View->CodeIgniter\View\{closure}()
#3 C:\xampp\htdocs\evaluacion_no_2\system\Common.php(1089): CodeIgniter\View\View->render('Persona/persona...', Array, true)
#4 C:\xampp\htdocs\evaluacion_no_2\app\Controllers\Home.php(9): view('Persona/persona...')
#5 C:\xampp\htdocs\evaluacion_no_2\system\CodeIgniter.php(832): App\Controllers\Home->index()
#6 C:\xampp\htdocs\evaluacion_no_2\system\CodeIgniter.php(419): CodeIgniter\CodeIgniter->runController(Object(App\Controllers\Home))
#7 C:\xampp\htdocs\evaluacion_no_2\system\CodeIgniter.php(326): CodeIgniter\CodeIgniter->handleRequest(NULL, Object(Config\Cache), false)
#8 C:\xampp\htdocs\evaluacion_no_2\public\index.php(37): CodeIgniter\CodeIgniter->run()
#9 {main}
